[35m[Appium][39m Welcome to Appium v1.22.3
[35m[Appium][39m Non-default server args:
[35m[Appium][39m   port: 50105
[35m[Appium][39m   loglevel: info
[35m[Appium][39m   tmpDir: C:\Users\admin\AppData\Local\Temp\\Katalon\Appium\Temp1692818070277
[35m[Appium][39m   chromedriverPort: 50106
[35m[Appium][39m Deprecated server args:
[35m[Appium][39m   [31m--chromedriver-port[39m => --default-capabilities
[35m[Appium][39m Default capabilities, which will be added to each request unless overridden by desired capabilities:
[35m[Appium][39m   chromedriverPort: 50106
[35m[Appium][39m Appium REST http interface listener started on 0.0.0.0:50105
[35m[HTTP][39m [37m-->[39m [37mGET[39m [37m/wd/hub/status[39m
[35m[HTTP][39m [90m{}[39m
[35m[HTTP][39m [37m<-- GET /wd/hub/status [39m[32m200[39m [90m10 ms - 68[39m
[35m[HTTP][39m [90m[39m
[35m[HTTP][39m [37m-->[39m [37mGET[39m [37m/wd/hub/status[39m
[35m[HTTP][39m [90m{}[39m
[35m[HTTP][39m [37m<-- GET /wd/hub/status [39m[32m200[39m [90m1 ms - 68[39m
[35m[HTTP][39m [90m[39m
[35m[HTTP][39m [37m-->[39m [37mPOST[39m [37m/wd/hub/session[39m
[35m[HTTP][39m [90m{"desiredCapabilities":{"appActivity":".Settings","appPackage":"com.android.settings","newCommandTimeout":1800,"platformVersion":"12","automationName":"uiautomator2","autoGrantPermissions":true,"platformName":"Android","udid":"emulator-5554","deviceName":"emulator-5554 (sdk_gphone64_x86_64 - Android 12)","platform":"ANDROID","systemPort":8253},"capabilities":{"firstMatch":[{"appium:appActivity":".Settings","appium:appPackage":"com.android.settings","appium:autoGrantPermissions":true,"appium:automationName":"uiautomator2","appium:deviceName":"emulator-5554 (sdk_gphone64_x86_64 - Android 12)","appium:newCommandTimeout":1800,"platform":"ANDROID","platformName":"android","appium:platformVersion":"12","appium:systemPort":8253,"appium:udid":"emulator-5554"}]}}[39m
[35m[BaseDriver][39m The following capabilities are not standard capabilities and should have an extension prefix:
[35m[BaseDriver][39m   platform
[35m[BaseDriver][39m   chromedriverPort
[35m[Appium][39m Appium v1.22.3 creating new AndroidUiautomator2Driver (v1.70.1) session
[35m[BaseDriver][39m The following capabilities were provided, but are not recognized by Appium:
[35m[BaseDriver][39m   platform
[35m[BaseDriver][39m Session created with session id: 5681309b-43d3-48da-a9ba-d817d9c62149
[35m[UiAutomator2][39m Starting 'com.android.settings' directly on the device
[35m[ADB][39m Found 1 'build-tools' folders under 'C:\Users\admin\.katalon\tools\android_sdk' (newest first):
[35m[ADB][39m     C:/Users/admin/.katalon/tools/android_sdk/build-tools/29.0.3
[35m[ADB][39m Using 'adb.exe' from 'C:\Users\admin\.katalon\tools\android_sdk\platform-tools\adb.exe'
[35m[AndroidDriver][39m Retrieving device list
[35m[AndroidDriver][39m Using device: emulator-5554
[35m[ADB][39m Using 'adb.exe' from 'C:\Users\admin\.katalon\tools\android_sdk\platform-tools\adb.exe'
[35m[ADB][39m Getting device platform version
[35m[UiAutomator2][39m Relaxing hidden api policy
[35m[AndroidDriver][39m No app sent in, not parsing package/activity
[35m[ADB][39m Using 'apksigner.jar' from 'C:\Users\admin\.katalon\tools\android_sdk\build-tools\29.0.3\lib\apksigner.jar'
[35m[ADB][39m 'C:\Users\admin\AppData\Roaming\npm\node_modules\appium\node_modules\appium-uiautomator2-server\apks\appium-uiautomator2-server-v4.27.0.apk' is signed with the default certificate
[35m[ADB][39m 'C:\Users\admin\AppData\Roaming\npm\node_modules\appium\node_modules\appium-uiautomator2-server\apks\appium-uiautomator2-server-debug-androidTest.apk' is signed with the default certificate
[35m[UiAutomator2][39m Server packages are not going to be (re)installed
[35m[ADB][39m Adding packages ["io.appium.settings","io.appium.uiautomator2.server","io.appium.uiautomator2.server.test"] to Doze whitelist
[35m[UiAutomator2][39m Starting UIAutomator2 server 4.27.0
[35m[UiAutomator2][39m Using UIAutomator2 server from 'C:\Users\admin\AppData\Roaming\npm\node_modules\appium\node_modules\appium-uiautomator2-server\apks\appium-uiautomator2-server-v4.27.0.apk' and test from 'C:\Users\admin\AppData\Roaming\npm\node_modules\appium\node_modules\appium-uiautomator2-server\apks\appium-uiautomator2-server-debug-androidTest.apk'
[35m[UiAutomator2][39m Waiting up to 30000ms for UiAutomator2 to be online...
[35m[WD Proxy][39m socket hang up
[35m[WD Proxy][39m socket hang up
[35m[WD Proxy][39m Determined the downstream protocol as 'W3C'
[35m[AndroidDriver][39m Screen already unlocked, doing nothing
[35m[UiAutomator2][39m Starting 'com.android.settings/.Settings and waiting for 'com.android.settings/.Settings'
[35m[Appium][39m New AndroidUiautomator2Driver session created successfully, session 5681309b-43d3-48da-a9ba-d817d9c62149 added to master session list
[35m[HTTP][39m [37m<-- POST /wd/hub/session [39m[32m200[39m [90m7785 ms - 1191[39m
[35m[HTTP][39m [90m[39m
[35m[HTTP][39m [37m-->[39m [37mGET[39m [37m/wd/hub/session/5681309b-43d3-48da-a9ba-d817d9c62149[39m
[35m[HTTP][39m [90m{}[39m
[35m[HTTP][39m [37m<-- GET /wd/hub/session/5681309b-43d3-48da-a9ba-d817d9c62149 [39m[32m200[39m [90m43 ms - 1145[39m
[35m[HTTP][39m [90m[39m
[35m[HTTP][39m [37m-->[39m [37mGET[39m [37m/wd/hub/session/5681309b-43d3-48da-a9ba-d817d9c62149[39m
[35m[HTTP][39m [90m{}[39m
[35m[HTTP][39m [37m<-- GET /wd/hub/session/5681309b-43d3-48da-a9ba-d817d9c62149 [39m[32m200[39m [90m29 ms - 1145[39m
[35m[HTTP][39m [90m[39m
[35m[HTTP][39m [37m-->[39m [37mGET[39m [37m/wd/hub/status[39m
[35m[HTTP][39m [90m{}[39m
[35m[HTTP][39m [37m<-- GET /wd/hub/status [39m[32m200[39m [90m2 ms - 68[39m
[35m[HTTP][39m [90m[39m
[35m[HTTP][39m [37m-->[39m [37mPOST[39m [37m/wd/hub/session/5681309b-43d3-48da-a9ba-d817d9c62149/timeouts[39m
[35m[HTTP][39m [90m{"implicit":60000}[39m
[35m[HTTP][39m [37m<-- POST /wd/hub/session/5681309b-43d3-48da-a9ba-d817d9c62149/timeouts [39m[32m200[39m [90m7 ms - 14[39m
[35m[HTTP][39m [90m[39m
[35m[HTTP][39m [37m-->[39m [37mGET[39m [37m/wd/hub/session/5681309b-43d3-48da-a9ba-d817d9c62149/screenshot[39m
[35m[HTTP][39m [90m{}[39m
[35m[HTTP][39m [37m<-- GET /wd/hub/session/5681309b-43d3-48da-a9ba-d817d9c62149/screenshot [39m[32m200[39m [90m730 ms - 276844[39m
[35m[HTTP][39m [90m[39m
[35m[HTTP][39m [37m-->[39m [37mGET[39m [37m/wd/hub/session/5681309b-43d3-48da-a9ba-d817d9c62149/window/rect[39m
[35m[HTTP][39m [90m{}[39m
[35m[HTTP][39m [37m<-- GET /wd/hub/session/5681309b-43d3-48da-a9ba-d817d9c62149/window/rect [39m[32m200[39m [90m33 ms - 50[39m
[35m[HTTP][39m [90m[39m
[35m[HTTP][39m [37m-->[39m [37mGET[39m [37m/wd/hub/session/5681309b-43d3-48da-a9ba-d817d9c62149/appium/device/system_bars[39m
[35m[HTTP][39m [90m{}[39m
[35m[HTTP][39m [37m<-- GET /wd/hub/session/5681309b-43d3-48da-a9ba-d817d9c62149/appium/device/system_bars [39m[32m200[39m [90m116 ms - 145[39m
[35m[HTTP][39m [90m[39m
[35m[HTTP][39m [37m-->[39m [37mPOST[39m [37m/wd/hub/session/5681309b-43d3-48da-a9ba-d817d9c62149/appium/device/activate_app[39m
[35m[HTTP][39m [90m{"bundleId":"com.salesforce.chatter"}[39m
[35m[HTTP][39m [37m<-- POST /wd/hub/session/5681309b-43d3-48da-a9ba-d817d9c62149/appium/device/activate_app [39m[32m200[39m [90m384 ms - 14[39m
[35m[HTTP][39m [90m[39m
[35m[HTTP][39m [37m-->[39m [37mGET[39m [37m/wd/hub/session/5681309b-43d3-48da-a9ba-d817d9c62149/source[39m
[35m[HTTP][39m [90m{}[39m
[35m[W3C (5681309b)][39m Driver proxy active, passing request on via HTTP proxy
[35m[WD Proxy][39m Replacing sessionId fc22d152-9690-4a03-b17d-84046eef6786 with 5681309b-43d3-48da-a9ba-d817d9c62149
[35m[HTTP][39m [37m<-- GET /wd/hub/session/5681309b-43d3-48da-a9ba-d817d9c62149/source [39m[32m200[39m [90m1087 ms - 16387[39m
[35m[HTTP][39m [90m[39m
[35m[HTTP][39m [37m-->[39m [37mGET[39m [37m/wd/hub/session/5681309b-43d3-48da-a9ba-d817d9c62149/screenshot[39m
[35m[HTTP][39m [90m{}[39m
[35m[WD Proxy][39m Got response with status 500: {"sessionId":"fc22d152-9690-4a03-b17d-84046eef6786","value":{"error":"unable to capture screen","message":"Failed to capture a screenshot. Does the current view have 'secure' flag set?","stacktrace":"io.appium.uiautomator2.common.exceptions.TakeScreenshotException: Failed to capture a screenshot. Does the current view have 'secure' flag set?\n\tat io.appium.uiautomator2.utils.ScreenshotHelper.takeDeviceScreenshot(ScreenshotHelper.java:129)\n\tat io.appium.uiautomator2.utils.ScreenshotHelper.takeScreenshot(ScreenshotHelper.java:62)\n\tat io.appium.uiautomator2.utils.ScreenshotHelper.takeScreenshot(ScreenshotHelper.java:77)\n\tat io.appium.uiautomator2.handler.CaptureScreenshot.safeHandle(CaptureScreenshot.java:32)\n\tat io.appium.uiautomator2.handler.request.SafeRequestHandler.handle(SafeRequestHandler.java:59)\n\tat io.appium.uiautomator2.server.AppiumServlet.handleRequest(AppiumServlet.java:266)\n\tat io.appium.uiautomator2.server.AppiumServlet.handleHttpRequest(AppiumServlet.java:260)\n\tat io.appium.uia...
[35m[HTTP][39m [37m<-- GET /wd/hub/session/5681309b-43d3-48da-a9ba-d817d9c62149/screenshot [39m[31m500[39m [90m264 ms - 4082[39m
[35m[HTTP][39m [90m[39m
[35m[HTTP][39m [37m-->[39m [37mGET[39m [37m/wd/hub/session/5681309b-43d3-48da-a9ba-d817d9c62149/source[39m
[35m[HTTP][39m [90m{}[39m
[35m[W3C (5681309b)][39m Driver proxy active, passing request on via HTTP proxy
[35m[WD Proxy][39m Replacing sessionId fc22d152-9690-4a03-b17d-84046eef6786 with 5681309b-43d3-48da-a9ba-d817d9c62149
[35m[HTTP][39m [37m<-- GET /wd/hub/session/5681309b-43d3-48da-a9ba-d817d9c62149/source [39m[32m200[39m [90m50 ms - 8176[39m
[35m[HTTP][39m [90m[39m
[35m[HTTP][39m [37m-->[39m [37mGET[39m [37m/wd/hub/session/5681309b-43d3-48da-a9ba-d817d9c62149/screenshot[39m
[35m[HTTP][39m [90m{}[39m
[35m[HTTP][39m [37m<-- GET /wd/hub/session/5681309b-43d3-48da-a9ba-d817d9c62149/screenshot [39m[32m200[39m [90m379 ms - 92254[39m
[35m[HTTP][39m [90m[39m
[35m[HTTP][39m [37m-->[39m [37mPOST[39m [37m/wd/hub/session/5681309b-43d3-48da-a9ba-d817d9c62149/elements[39m
[35m[HTTP][39m [90m{"using":"xpath","value":"//*[@class = 'android.widget.Button' and (@text = 'Add New Connection' or . = 'Add New Connection') and @resource-id = 'com.salesforce.chatter:id/sf__show_custom_url_edit']"}[39m
[35m[HTTP][39m [37m<-- POST /wd/hub/session/5681309b-43d3-48da-a9ba-d817d9c62149/elements [39m[32m200[39m [90m454 ms - 139[39m
[35m[HTTP][39m [90m[39m
[35m[HTTP][39m [37m-->[39m [37mGET[39m [37m/wd/hub/session/5681309b-43d3-48da-a9ba-d817d9c62149/window/rect[39m
[35m[HTTP][39m [90m{}[39m
[35m[HTTP][39m [37m<-- GET /wd/hub/session/5681309b-43d3-48da-a9ba-d817d9c62149/window/rect [39m[32m200[39m [90m13 ms - 50[39m
[35m[HTTP][39m [90m[39m
[35m[HTTP][39m [37m-->[39m [37mPOST[39m [37m/wd/hub/session/5681309b-43d3-48da-a9ba-d817d9c62149/elements[39m
[35m[HTTP][39m [90m{"using":"xpath","value":"//*[@class = 'android.widget.Button' and (@text = 'Add New Connection' or . = 'Add New Connection') and @resource-id = 'com.salesforce.chatter:id/sf__show_custom_url_edit']"}[39m
[35m[HTTP][39m [37m<-- POST /wd/hub/session/5681309b-43d3-48da-a9ba-d817d9c62149/elements [39m[32m200[39m [90m61 ms - 139[39m
[35m[HTTP][39m [90m[39m
[35m[HTTP][39m [37m-->[39m [37mGET[39m [37m/wd/hub/session/5681309b-43d3-48da-a9ba-d817d9c62149/element/00000000-0000-005c-ffff-ffff00000047/location[39m
[35m[HTTP][39m [90m{}[39m
[35m[W3C (5681309b)][39m Driver proxy active, passing request on via HTTP proxy
[35m[WD Proxy][39m Replacing sessionId fc22d152-9690-4a03-b17d-84046eef6786 with 5681309b-43d3-48da-a9ba-d817d9c62149
[35m[HTTP][39m [37m<-- GET /wd/hub/session/5681309b-43d3-48da-a9ba-d817d9c62149/element/00000000-0000-005c-ffff-ffff00000047/location [39m[32m200[39m [90m16 ms - 78[39m
[35m[HTTP][39m [90m[39m
[35m[HTTP][39m [37m-->[39m [37mPOST[39m [37m/wd/hub/session/5681309b-43d3-48da-a9ba-d817d9c62149/element/00000000-0000-005c-ffff-ffff00000047/click[39m
[35m[HTTP][39m [90m{"id":"00000000-0000-005c-ffff-ffff00000047"}[39m
[35m[HTTP][39m [37m<-- POST /wd/hub/session/5681309b-43d3-48da-a9ba-d817d9c62149/element/00000000-0000-005c-ffff-ffff00000047/click [39m[32m200[39m [90m50 ms - 14[39m
[35m[HTTP][39m [90m[39m
[35m[HTTP][39m [37m-->[39m [37mGET[39m [37m/wd/hub/session/5681309b-43d3-48da-a9ba-d817d9c62149/source[39m
[35m[HTTP][39m [90m{}[39m
[35m[W3C (5681309b)][39m Driver proxy active, passing request on via HTTP proxy
[35m[WD Proxy][39m Replacing sessionId fc22d152-9690-4a03-b17d-84046eef6786 with 5681309b-43d3-48da-a9ba-d817d9c62149
[35m[HTTP][39m [37m<-- GET /wd/hub/session/5681309b-43d3-48da-a9ba-d817d9c62149/source [39m[32m200[39m [90m34 ms - 5068[39m
[35m[HTTP][39m [90m[39m
[35m[HTTP][39m [37m-->[39m [37mGET[39m [37m/wd/hub/session/5681309b-43d3-48da-a9ba-d817d9c62149/screenshot[39m
[35m[HTTP][39m [90m{}[39m
[35m[HTTP][39m [37m<-- GET /wd/hub/session/5681309b-43d3-48da-a9ba-d817d9c62149/screenshot [39m[32m200[39m [90m391 ms - 112810[39m
[35m[HTTP][39m [90m[39m
[35m[HTTP][39m [37m-->[39m [37mPOST[39m [37m/wd/hub/session/5681309b-43d3-48da-a9ba-d817d9c62149/elements[39m
[35m[HTTP][39m [90m{"using":"xpath","value":"//*[@class = 'android.widget.EditText' and (@text = 'Name' or . = 'Name') and @resource-id = 'com.salesforce.chatter:id/sf__picker_custom_label']"}[39m
[35m[HTTP][39m [37m<-- POST /wd/hub/session/5681309b-43d3-48da-a9ba-d817d9c62149/elements [39m[32m200[39m [90m56 ms - 139[39m
[35m[HTTP][39m [90m[39m
[35m[HTTP][39m [37m-->[39m [37mGET[39m [37m/wd/hub/session/5681309b-43d3-48da-a9ba-d817d9c62149/window/rect[39m
[35m[HTTP][39m [90m{}[39m
[35m[HTTP][39m [37m<-- GET /wd/hub/session/5681309b-43d3-48da-a9ba-d817d9c62149/window/rect [39m[32m200[39m [90m16 ms - 50[39m
[35m[HTTP][39m [90m[39m
[35m[HTTP][39m [37m-->[39m [37mPOST[39m [37m/wd/hub/session/5681309b-43d3-48da-a9ba-d817d9c62149/elements[39m
[35m[HTTP][39m [90m{"using":"xpath","value":"//*[@class = 'android.widget.EditText' and (@text = 'Name' or . = 'Name') and @resource-id = 'com.salesforce.chatter:id/sf__picker_custom_label']"}[39m
[35m[HTTP][39m [37m<-- POST /wd/hub/session/5681309b-43d3-48da-a9ba-d817d9c62149/elements [39m[32m200[39m [90m66 ms - 139[39m
[35m[HTTP][39m [90m[39m
[35m[HTTP][39m [37m-->[39m [37mGET[39m [37m/wd/hub/session/5681309b-43d3-48da-a9ba-d817d9c62149/element/00000000-0000-005d-ffff-ffff0000005d/location[39m
[35m[HTTP][39m [90m{}[39m
[35m[W3C (5681309b)][39m Driver proxy active, passing request on via HTTP proxy
[35m[WD Proxy][39m Replacing sessionId fc22d152-9690-4a03-b17d-84046eef6786 with 5681309b-43d3-48da-a9ba-d817d9c62149
[35m[HTTP][39m [37m<-- GET /wd/hub/session/5681309b-43d3-48da-a9ba-d817d9c62149/element/00000000-0000-005d-ffff-ffff0000005d/location [39m[32m200[39m [90m18 ms - 79[39m
[35m[HTTP][39m [90m[39m
[35m[HTTP][39m [37m-->[39m [37mPOST[39m [37m/wd/hub/session/5681309b-43d3-48da-a9ba-d817d9c62149/element/00000000-0000-005d-ffff-ffff0000005d/clear[39m
[35m[HTTP][39m [90m{"id":"00000000-0000-005d-ffff-ffff0000005d"}[39m
[35m[HTTP][39m [37m<-- POST /wd/hub/session/5681309b-43d3-48da-a9ba-d817d9c62149/element/00000000-0000-005d-ffff-ffff0000005d/clear [39m[32m200[39m [90m34 ms - 14[39m
[35m[HTTP][39m [90m[39m
[35m[HTTP][39m [37m-->[39m [37mPOST[39m [37m/wd/hub/session/5681309b-43d3-48da-a9ba-d817d9c62149/element/00000000-0000-005d-ffff-ffff0000005d/value[39m
[35m[HTTP][39m [90m{"id":"00000000-0000-005d-ffff-ffff0000005d","text":"Prueba","value":["P","r","u","e","b","a"]}[39m
[35m[HTTP][39m [37m<-- POST /wd/hub/session/5681309b-43d3-48da-a9ba-d817d9c62149/element/00000000-0000-005d-ffff-ffff0000005d/value [39m[32m200[39m [90m1076 ms - 14[39m
[35m[HTTP][39m [90m[39m
[35m[HTTP][39m [37m-->[39m [37mGET[39m [37m/wd/hub/session/5681309b-43d3-48da-a9ba-d817d9c62149/source[39m
[35m[HTTP][39m [90m{}[39m
[35m[W3C (5681309b)][39m Driver proxy active, passing request on via HTTP proxy
[35m[WD Proxy][39m Replacing sessionId fc22d152-9690-4a03-b17d-84046eef6786 with 5681309b-43d3-48da-a9ba-d817d9c62149
[35m[HTTP][39m [37m<-- GET /wd/hub/session/5681309b-43d3-48da-a9ba-d817d9c62149/source [39m[32m200[39m [90m34 ms - 5070[39m
[35m[HTTP][39m [90m[39m
[35m[HTTP][39m [37m-->[39m [37mGET[39m [37m/wd/hub/session/5681309b-43d3-48da-a9ba-d817d9c62149/screenshot[39m
[35m[HTTP][39m [90m{}[39m
[35m[HTTP][39m [37m<-- GET /wd/hub/session/5681309b-43d3-48da-a9ba-d817d9c62149/screenshot [39m[32m200[39m [90m384 ms - 113560[39m
[35m[HTTP][39m [90m[39m
[35m[HTTP][39m [37m-->[39m [37mPOST[39m [37m/wd/hub/session/5681309b-43d3-48da-a9ba-d817d9c62149/elements[39m
[35m[HTTP][39m [90m{"using":"xpath","value":"//*[@class = 'android.widget.EditText' and (@text = 'URL' or . = 'URL') and @resource-id = 'com.salesforce.chatter:id/sf__picker_custom_url']"}[39m
[35m[HTTP][39m [37m<-- POST /wd/hub/session/5681309b-43d3-48da-a9ba-d817d9c62149/elements [39m[32m200[39m [90m57 ms - 139[39m
[35m[HTTP][39m [90m[39m
[35m[HTTP][39m [37m-->[39m [37mGET[39m [37m/wd/hub/session/5681309b-43d3-48da-a9ba-d817d9c62149/window/rect[39m
[35m[HTTP][39m [90m{}[39m
[35m[HTTP][39m [37m<-- GET /wd/hub/session/5681309b-43d3-48da-a9ba-d817d9c62149/window/rect [39m[32m200[39m [90m9 ms - 50[39m
[35m[HTTP][39m [90m[39m
[35m[HTTP][39m [37m-->[39m [37mPOST[39m [37m/wd/hub/session/5681309b-43d3-48da-a9ba-d817d9c62149/elements[39m
[35m[HTTP][39m [90m{"using":"xpath","value":"//*[@class = 'android.widget.EditText' and (@text = 'URL' or . = 'URL') and @resource-id = 'com.salesforce.chatter:id/sf__picker_custom_url']"}[39m
[35m[HTTP][39m [37m<-- POST /wd/hub/session/5681309b-43d3-48da-a9ba-d817d9c62149/elements [39m[32m200[39m [90m67 ms - 139[39m
[35m[HTTP][39m [90m[39m
[35m[HTTP][39m [37m-->[39m [37mGET[39m [37m/wd/hub/session/5681309b-43d3-48da-a9ba-d817d9c62149/element/00000000-0000-005d-ffff-ffff0000005e/location[39m
[35m[HTTP][39m [90m{}[39m
[35m[W3C (5681309b)][39m Driver proxy active, passing request on via HTTP proxy
[35m[WD Proxy][39m Replacing sessionId fc22d152-9690-4a03-b17d-84046eef6786 with 5681309b-43d3-48da-a9ba-d817d9c62149
[35m[HTTP][39m [37m<-- GET /wd/hub/session/5681309b-43d3-48da-a9ba-d817d9c62149/element/00000000-0000-005d-ffff-ffff0000005e/location [39m[32m200[39m [90m18 ms - 79[39m
[35m[HTTP][39m [90m[39m
[35m[HTTP][39m [37m-->[39m [37mPOST[39m [37m/wd/hub/session/5681309b-43d3-48da-a9ba-d817d9c62149/element/00000000-0000-005d-ffff-ffff0000005e/clear[39m
[35m[HTTP][39m [90m{"id":"00000000-0000-005d-ffff-ffff0000005e"}[39m
[35m[HTTP][39m [37m<-- POST /wd/hub/session/5681309b-43d3-48da-a9ba-d817d9c62149/element/00000000-0000-005d-ffff-ffff0000005e/clear [39m[32m200[39m [90m19 ms - 14[39m
[35m[HTTP][39m [90m[39m
[35m[HTTP][39m [37m-->[39m [37mPOST[39m [37m/wd/hub/session/5681309b-43d3-48da-a9ba-d817d9c62149/element/00000000-0000-005d-ffff-ffff0000005e/value[39m
[35m[HTTP][39m [90m{"id":"00000000-0000-005d-ffff-ffff0000005e","text":"https://app-site-6008.my.salesforce.com/","value":["h","t","t","p","s",":","/","/","a","p","p","-","s","i","t","e","-","6","0","0","8",".","m","y",".","s","a","l","e","s","f","o","r","c","e",".","c","o","m","/"]}[39m
[35m[HTTP][39m [37m<-- POST /wd/hub/session/5681309b-43d3-48da-a9ba-d817d9c62149/element/00000000-0000-005d-ffff-ffff0000005e/value [39m[32m200[39m [90m1004 ms - 14[39m
[35m[HTTP][39m [90m[39m
[35m[HTTP][39m [37m-->[39m [37mGET[39m [37m/wd/hub/session/5681309b-43d3-48da-a9ba-d817d9c62149/source[39m
[35m[HTTP][39m [90m{}[39m
[35m[W3C (5681309b)][39m Driver proxy active, passing request on via HTTP proxy
[35m[WD Proxy][39m Replacing sessionId fc22d152-9690-4a03-b17d-84046eef6786 with 5681309b-43d3-48da-a9ba-d817d9c62149
[35m[HTTP][39m [37m<-- GET /wd/hub/session/5681309b-43d3-48da-a9ba-d817d9c62149/source [39m[32m200[39m [90m41 ms - 5107[39m
[35m[HTTP][39m [90m[39m
[35m[HTTP][39m [37m-->[39m [37mGET[39m [37m/wd/hub/session/5681309b-43d3-48da-a9ba-d817d9c62149/screenshot[39m
[35m[HTTP][39m [90m{}[39m
[35m[HTTP][39m [37m<-- GET /wd/hub/session/5681309b-43d3-48da-a9ba-d817d9c62149/screenshot [39m[32m200[39m [90m403 ms - 127542[39m
[35m[HTTP][39m [90m[39m
[35m[HTTP][39m [37m-->[39m [37mPOST[39m [37m/wd/hub/session/5681309b-43d3-48da-a9ba-d817d9c62149/elements[39m
[35m[HTTP][39m [90m{"using":"xpath","value":"//*[@class = 'android.widget.Button' and (@text = 'Apply' or . = 'Apply') and @resource-id = 'com.salesforce.chatter:id/sf__apply_button']"}[39m
[35m[HTTP][39m [37m<-- POST /wd/hub/session/5681309b-43d3-48da-a9ba-d817d9c62149/elements [39m[32m200[39m [90m74 ms - 139[39m
[35m[HTTP][39m [90m[39m
[35m[HTTP][39m [37m-->[39m [37mGET[39m [37m/wd/hub/session/5681309b-43d3-48da-a9ba-d817d9c62149/window/rect[39m
[35m[HTTP][39m [90m{}[39m
[35m[HTTP][39m [37m<-- GET /wd/hub/session/5681309b-43d3-48da-a9ba-d817d9c62149/window/rect [39m[32m200[39m [90m15 ms - 50[39m
[35m[HTTP][39m [90m[39m
[35m[HTTP][39m [37m-->[39m [37mPOST[39m [37m/wd/hub/session/5681309b-43d3-48da-a9ba-d817d9c62149/elements[39m
[35m[HTTP][39m [90m{"using":"xpath","value":"//*[@class = 'android.widget.Button' and (@text = 'Apply' or . = 'Apply') and @resource-id = 'com.salesforce.chatter:id/sf__apply_button']"}[39m
[35m[HTTP][39m [37m<-- POST /wd/hub/session/5681309b-43d3-48da-a9ba-d817d9c62149/elements [39m[32m200[39m [90m69 ms - 139[39m
[35m[HTTP][39m [90m[39m
[35m[HTTP][39m [37m-->[39m [37mGET[39m [37m/wd/hub/session/5681309b-43d3-48da-a9ba-d817d9c62149/element/00000000-0000-005d-ffff-ffff00000061/location[39m
[35m[HTTP][39m [90m{}[39m
[35m[W3C (5681309b)][39m Driver proxy active, passing request on via HTTP proxy
[35m[WD Proxy][39m Replacing sessionId fc22d152-9690-4a03-b17d-84046eef6786 with 5681309b-43d3-48da-a9ba-d817d9c62149
[35m[HTTP][39m [37m<-- GET /wd/hub/session/5681309b-43d3-48da-a9ba-d817d9c62149/element/00000000-0000-005d-ffff-ffff00000061/location [39m[32m200[39m [90m22 ms - 79[39m
[35m[HTTP][39m [90m[39m
[35m[HTTP][39m [37m-->[39m [37mPOST[39m [37m/wd/hub/session/5681309b-43d3-48da-a9ba-d817d9c62149/element/00000000-0000-005d-ffff-ffff00000061/click[39m
[35m[HTTP][39m [90m{"id":"00000000-0000-005d-ffff-ffff00000061"}[39m
[35m[HTTP][39m [37m<-- POST /wd/hub/session/5681309b-43d3-48da-a9ba-d817d9c62149/element/00000000-0000-005d-ffff-ffff00000061/click [39m[32m200[39m [90m57 ms - 14[39m
[35m[HTTP][39m [90m[39m
[35m[HTTP][39m [37m-->[39m [37mGET[39m [37m/wd/hub/session/5681309b-43d3-48da-a9ba-d817d9c62149/source[39m
[35m[HTTP][39m [90m{}[39m
[35m[W3C (5681309b)][39m Driver proxy active, passing request on via HTTP proxy
[35m[WD Proxy][39m Replacing sessionId fc22d152-9690-4a03-b17d-84046eef6786 with 5681309b-43d3-48da-a9ba-d817d9c62149
[35m[HTTP][39m [37m<-- GET /wd/hub/session/5681309b-43d3-48da-a9ba-d817d9c62149/source [39m[32m200[39m [90m146 ms - 8611[39m
[35m[HTTP][39m [90m[39m
[35m[HTTP][39m [37m-->[39m [37mGET[39m [37m/wd/hub/session/5681309b-43d3-48da-a9ba-d817d9c62149/screenshot[39m
[35m[HTTP][39m [90m{}[39m
[35m[HTTP][39m [37m<-- GET /wd/hub/session/5681309b-43d3-48da-a9ba-d817d9c62149/screenshot [39m[32m200[39m [90m378 ms - 109484[39m
[35m[HTTP][39m [90m[39m
[35m[HTTP][39m [37m-->[39m [37mDELETE[39m [37m/wd/hub/session/5681309b-43d3-48da-a9ba-d817d9c62149[39m
[35m[HTTP][39m [90m{}[39m
[35m[Appium][39m Removing session 5681309b-43d3-48da-a9ba-d817d9c62149 from our master session list
[35m[UiAutomator2][39m Restoring hidden api policy to the device default configuration
[35m[HTTP][39m [37m<-- DELETE /wd/hub/session/5681309b-43d3-48da-a9ba-d817d9c62149 [39m[32m200[39m [90m465 ms - 14[39m
[35m[HTTP][39m [90m[39m
